<?xml version="1.0" encoding="UTF-8"?>
<!-- Generated by org.testng.reporters.JUnitXMLReporter -->
<testsuite hostname="del1-lhp-N01966" ignored="0" name="Chrome test 3" tests="3" failures="0" timestamp="03 Aug 2020 05:07:09 GMT" time="127.186" errors="0">
  <testcase name="loginPageTitleTest" time="0.768" classname="com.sohambko.qa.testcases.LoginPageTest"/>
  <testcase name="crmLogoImageTest" time="0.812" classname="com.sohambko.qa.testcases.LoginPageTest"/>
  <testcase name="loginTest" time="20.635" classname="com.sohambko.qa.testcases.LoginPageTest"/>
</testsuite> <!-- Chrome test 3 -->
