<?xml version="1.0" encoding="UTF-8"?>
<!-- Generated by org.testng.reporters.JUnitXMLReporter -->
<testsuite hostname="del1-lhp-N01966" ignored="0" name="Chrome test 1" tests="3" failures="0" timestamp="03 Aug 2020 05:07:08 GMT" time="126.556" errors="0">
  <testcase name="loginPageTitleTest" time="1.487" classname="com.sohambko.qa.testcases.LoginPageTest"/>
  <testcase name="crmLogoImageTest" time="1.524" classname="com.sohambko.qa.testcases.LoginPageTest"/>
  <testcase name="loginTest" time="22.139" classname="com.sohambko.qa.testcases.LoginPageTest"/>
</testsuite> <!-- Chrome test 1 -->
