<?xml version="1.0" encoding="UTF-8"?>
<!-- Generated by org.testng.reporters.JUnitXMLReporter -->
<testsuite hostname="del1-lhp-N01966" ignored="0" name="Contacts Page Tests" tests="6" failures="3" timestamp="03 Aug 2020 06:33:55 GMT" time="255.026" errors="0">
  <testcase name="verifyContactsPageLabel" time="0.167" classname="com.sohambko.qa.testcases.ContactsPageTest"/>
  <testcase name="selectSingleContactsTest" time="0.717" classname="com.sohambko.qa.testcases.ContactsPageTest"/>
  <testcase name="selectMultipleContactsTest" time="0.869" classname="com.sohambko.qa.testcases.ContactsPageTest"/>
  <testcase name="validateCreateNewContact" time="20.161" classname="com.sohambko.qa.testcases.ContactsPageTest">
    <failure type="java.lang.NullPointerException">
      <![CDATA[java.lang.NullPointerException
at org.openqa.selenium.support.ui.Select.<init>(Select.java:44)
at com.sohambko.qa.util.ElementUtil.doSelectValuesByVisibleText(ElementUtil.java:76)
at com.sohambko.qa.pages.ContactsPage.createNewContact(ContactsPage.java:46)
at com.sohambko.qa.testcases.ContactsPageTest.validateCreateNewContact(ContactsPageTest.java:59)
at java.util.concurrent.FutureTask.run(Unknown Source)
at java.util.concurrent.ThreadPoolExecutor.runWorker(Unknown Source)
at java.util.concurrent.ThreadPoolExecutor$Worker.run(Unknown Source)
at java.lang.Thread.run(Unknown Source)
... Removed 16 stack frames]]>
    </failure>
  </testcase> <!-- validateCreateNewContact -->
  <testcase name="validateCreateNewContact" time="20.095" classname="com.sohambko.qa.testcases.ContactsPageTest">
    <failure type="java.lang.NullPointerException">
      <![CDATA[java.lang.NullPointerException
at org.openqa.selenium.support.ui.Select.<init>(Select.java:44)
at com.sohambko.qa.util.ElementUtil.doSelectValuesByVisibleText(ElementUtil.java:76)
at com.sohambko.qa.pages.ContactsPage.createNewContact(ContactsPage.java:46)
at com.sohambko.qa.testcases.ContactsPageTest.validateCreateNewContact(ContactsPageTest.java:59)
at java.util.concurrent.FutureTask.run(Unknown Source)
at java.util.concurrent.ThreadPoolExecutor.runWorker(Unknown Source)
at java.util.concurrent.ThreadPoolExecutor$Worker.run(Unknown Source)
at java.lang.Thread.run(Unknown Source)
... Removed 16 stack frames]]>
    </failure>
  </testcase> <!-- validateCreateNewContact -->
  <testcase name="validateCreateNewContact" time="20.052" classname="com.sohambko.qa.testcases.ContactsPageTest">
    <failure type="java.lang.NullPointerException">
      <![CDATA[java.lang.NullPointerException
at org.openqa.selenium.support.ui.Select.<init>(Select.java:44)
at com.sohambko.qa.util.ElementUtil.doSelectValuesByVisibleText(ElementUtil.java:76)
at com.sohambko.qa.pages.ContactsPage.createNewContact(ContactsPage.java:46)
at com.sohambko.qa.testcases.ContactsPageTest.validateCreateNewContact(ContactsPageTest.java:59)
at java.util.concurrent.FutureTask.run(Unknown Source)
at java.util.concurrent.ThreadPoolExecutor.runWorker(Unknown Source)
at java.util.concurrent.ThreadPoolExecutor$Worker.run(Unknown Source)
at java.lang.Thread.run(Unknown Source)
... Removed 16 stack frames]]>
    </failure>
  </testcase> <!-- validateCreateNewContact -->
</testsuite> <!-- Contacts Page Tests -->
