<?xml version="1.0" encoding="UTF-8"?>
<!-- Generated by org.testng.reporters.JUnitXMLReporter -->
<testsuite hostname="del1-lhp-N01966" ignored="0" name="Firefox test" tests="3" failures="0" timestamp="02 Aug 2020 21:09:07 GMT" time="20.149" errors="0">
  <testcase name="loginPageTitleTest" time="0.521" classname="com.sohambko.qa.testcases.LoginPageTest"/>
  <testcase name="crmLogoImageTest" time="0.112" classname="com.sohambko.qa.testcases.LoginPageTest"/>
  <testcase name="loginTest" time="4.434" classname="com.sohambko.qa.testcases.LoginPageTest"/>
</testsuite> <!-- Firefox test -->
