<?xml version="1.0" encoding="UTF-8"?>
<!-- Generated by org.testng.reporters.JUnitXMLReporter -->
<testsuite hostname="del1-lhp-N01966" ignored="0" name="Firefox test4" tests="3" failures="0" timestamp="02 Aug 2020 21:16:18 GMT" time="27.292" errors="0">
  <testcase name="loginPageTitleTest" time="1.522" classname="com.sohambko.qa.testcases.LoginPageTest"/>
  <testcase name="crmLogoImageTest" time="0.531" classname="com.sohambko.qa.testcases.LoginPageTest"/>
  <testcase name="loginTest" time="6.876" classname="com.sohambko.qa.testcases.LoginPageTest"/>
</testsuite> <!-- Firefox test4 -->
