<?xml version="1.0" encoding="UTF-8"?>
<!-- Generated by org.testng.reporters.JUnitXMLReporter -->
<testsuite hostname="del1-lhp-N01966" ignored="0" name="Firefox test13" tests="3" failures="0" timestamp="02 Aug 2020 21:16:51 GMT" time="31.841" errors="0">
  <testcase name="loginPageTitleTest" time="0.905" classname="com.sohambko.qa.testcases.LoginPageTest"/>
  <testcase name="crmLogoImageTest" time="0.506" classname="com.sohambko.qa.testcases.LoginPageTest"/>
  <testcase name="loginTest" time="8.697" classname="com.sohambko.qa.testcases.LoginPageTest"/>
</testsuite> <!-- Firefox test13 -->
