<?xml version="1.0" encoding="UTF-8"?>
<!-- Generated by org.testng.reporters.JUnitXMLReporter -->
<testsuite hostname="del1-lhp-N01966" ignored="0" name="Firefox test2" tests="3" failures="0" timestamp="03 Aug 2020 04:21:17 GMT" time="122.215" errors="0">
  <testcase name="loginPageTitleTest" time="0.04" classname="com.sohambko.qa.testcases.LoginPageTest"/>
  <testcase name="crmLogoImageTest" time="0.966" classname="com.sohambko.qa.testcases.LoginPageTest"/>
  <testcase name="loginTest" time="21.759" classname="com.sohambko.qa.testcases.LoginPageTest"/>
</testsuite> <!-- Firefox test2 -->
