<?xml version="1.0" encoding="UTF-8"?>
<!-- Generated by org.testng.reporters.JUnitXMLReporter -->
<testsuite hostname="del1-lhp-N01966" ignored="0" name="Home Page Tests" tests="3" failures="0" timestamp="03 Aug 2020 06:22:09 GMT" time="128.588" errors="0">
  <testcase name="verifyHomePageTitleTest" time="0.03" classname="com.sohambko.qa.testcases.HomePageTest"/>
  <testcase name="verifyUserNameTest" time="3.56" classname="com.sohambko.qa.testcases.HomePageTest"/>
  <testcase name="verifyContactsLinkTest" time="3.62" classname="com.sohambko.qa.testcases.HomePageTest"/>
</testsuite> <!-- Home Page Tests -->
