<?xml version="1.0" encoding="UTF-8"?>
<!-- Generated by org.testng.reporters.JUnitXMLReporter -->
<testsuite hostname="del1-lhp-N01966" ignored="0" name="Login Page Tests" tests="3" failures="0" timestamp="03 Aug 2020 06:21:49 GMT" time="108.639" errors="0">
  <testcase name="loginPageTitleTest" time="1.145" classname="com.sohambko.qa.testcases.LoginPageTest"/>
  <testcase name="crmLogoImageTest" time="1.033" classname="com.sohambko.qa.testcases.LoginPageTest"/>
  <testcase name="loginTest" time="11.394" classname="com.sohambko.qa.testcases.LoginPageTest"/>
</testsuite> <!-- Login Page Tests -->
