<?xml version="1.0" encoding="UTF-8"?>
<!-- Generated by org.testng.reporters.JUnitXMLReporter -->
<testsuite hostname="del1-lhp-N01966" ignored="0" name="Free CRM App Test Cases" tests="3" failures="0" timestamp="02 Aug 2020 17:31:48 GMT" time="70.101" errors="0">
  <testcase name="loginPageTitleTest" time="0.469" classname="com.sohambko.qa.testcases.LoginPageTest"/>
  <testcase name="crmLogoImageTest" time="0.749" classname="com.sohambko.qa.testcases.LoginPageTest"/>
  <testcase name="loginTest" time="8.8" classname="com.sohambko.qa.testcases.LoginPageTest"/>
</testsuite> <!-- Free CRM App Test Cases -->
