<?xml version="1.0" encoding="UTF-8"?>
<!-- Generated by org.testng.reporters.JUnitXMLReporter -->
<testsuite hostname="del1-lhp-N01966" ignored="0" name="HubSpot Feature Testing - Login page - firefox" tests="3" failures="1" timestamp="02 Aug 2020 19:27:49 GMT" time="41.959" errors="0">
  <testcase name="loginPageTitleTest" time="0.616" classname="com.sohambko.qa.testcases.LoginPageTest"/>
  <testcase name="crmLogoImageTest" time="0.159" classname="com.sohambko.qa.testcases.LoginPageTest"/>
  <testcase name="loginTest" time="24.719" classname="com.sohambko.qa.testcases.LoginPageTest">
    <failure type="java.lang.NullPointerException">
      <![CDATA[java.lang.NullPointerException
at com.sohambko.qa.util.ElementUtil.doSendKeys(ElementUtil.java:50)
at com.sohambko.qa.pages.LoginPage.login(LoginPage.java:46)
at com.sohambko.qa.testcases.LoginPageTest.loginTest(LoginPageTest.java:31)
at java.util.concurrent.FutureTask.run(Unknown Source)
at java.util.concurrent.ThreadPoolExecutor.runWorker(Unknown Source)
at java.util.concurrent.ThreadPoolExecutor$Worker.run(Unknown Source)
at java.lang.Thread.run(Unknown Source)
... Removed 16 stack frames]]>
    </failure>
  </testcase> <!-- loginTest -->
</testsuite> <!-- HubSpot Feature Testing - Login page - firefox -->
