<?xml version="1.0" encoding="UTF-8"?>
<!-- Generated by org.testng.reporters.JUnitXMLReporter -->
<testsuite hostname="del1-lhp-N01966" ignored="0" name="Chrome Test 3" tests="15" failures="0" timestamp="2020-08-03T01:48:42 IST" time="54.559" errors="0">
  <testcase name="loginPageTitleTest" time="1.54" classname="com.sohambko.qa.testcases.LoginPageTest"/>
  <testcase name="loginPageTitleTest" time="0.82" classname="com.sohambko.qa.testcases.LoginPageTest"/>
  <testcase name="loginPageTitleTest" time="0.272" classname="com.sohambko.qa.testcases.LoginPageTest"/>
  <testcase name="crmLogoImageTest" time="0.686" classname="com.sohambko.qa.testcases.LoginPageTest"/>
  <testcase name="crmLogoImageTest" time="0.263" classname="com.sohambko.qa.testcases.LoginPageTest"/>
  <testcase name="crmLogoImageTest" time="0.52" classname="com.sohambko.qa.testcases.LoginPageTest"/>
  <testcase name="loginPageTitleTest" time="0.89" classname="com.sohambko.qa.testcases.LoginPageTest"/>
  <testcase name="crmLogoImageTest" time="0.404" classname="com.sohambko.qa.testcases.LoginPageTest"/>
  <testcase name="loginPageTitleTest" time="1.106" classname="com.sohambko.qa.testcases.LoginPageTest"/>
  <testcase name="crmLogoImageTest" time="0.473" classname="com.sohambko.qa.testcases.LoginPageTest"/>
  <testcase name="loginTest" time="14.965" classname="com.sohambko.qa.testcases.LoginPageTest"/>
  <testcase name="loginTest" time="19.35" classname="com.sohambko.qa.testcases.LoginPageTest"/>
  <testcase name="loginTest" time="19.236" classname="com.sohambko.qa.testcases.LoginPageTest"/>
  <testcase name="loginTest" time="19.807" classname="com.sohambko.qa.testcases.LoginPageTest"/>
  <testcase name="loginTest" time="17.562" classname="com.sohambko.qa.testcases.LoginPageTest"/>
</testsuite> <!-- Chrome Test 3 -->
