<?xml version="1.0" encoding="UTF-8"?>
<!-- Generated by org.testng.reporters.JUnitXMLReporter -->
<testsuite hostname="del1-lhp-N01966" ignored="0" name="Home Page Tests" tests="3" failures="0" timestamp="05 Aug 2020 14:21:13 GMT" time="172.894" errors="0">
  <testcase name="verifyHomePageTitleTest" time="9.722" classname="com.sohambko.qa.testcases.HomePageTest"/>
  <testcase name="verifyUserNameTest" time="23.186" classname="com.sohambko.qa.testcases.HomePageTest"/>
  <testcase name="verifyContactsLinkTest" time="43.878" classname="com.sohambko.qa.testcases.HomePageTest"/>
</testsuite> <!-- Home Page Tests -->
