<?xml version="1.0" encoding="UTF-8"?>
<!-- Generated by org.testng.reporters.JUnitXMLReporter -->
<testsuite hostname="del1-lhp-N01966" ignored="0" name="Login Page Tests" tests="3" failures="0" timestamp="05 Aug 2020 14:20:20 GMT" time="119.13" errors="0">
  <testcase name="verifyLoginPageTitleTest" time="0.922" classname="com.sohambko.qa.testcases.LoginPageTest"/>
  <testcase name="verifyrCmLogoImageTest" time="0.905" classname="com.sohambko.qa.testcases.LoginPageTest"/>
  <testcase name="verifyUserABleTologinTest" time="16.231" classname="com.sohambko.qa.testcases.LoginPageTest"/>
</testsuite> <!-- Login Page Tests -->
